Fold 0
Warning: SMILES string in test could not be found in data file, and likely came from a secondary data file. The pickle file of split indices can only indicate indices for a single file and will not be generated.
Warning: Found a task with targets all 0s or all 1s
Warning: Found a task with targets all 0s or all 1s
Warning: Found a task with targets all 0s or all 1s
Warning: Found a task with targets all 0s or all 1s
Warning: Found a task with targets all 0s or all 1s
Warning: Found a task with targets all 0s or all 1s
Warning: Found a task with targets all 0s or all 1s
Warning: Found a task with targets all 0s or all 1s
Warning: Found a task with targets all 0s or all 1s
Warning: Found a task with targets all 0s or all 1s
Warning: Found a task with targets all 0s or all 1s
Warning: Found a task with targets all 0s or all 1s
Warning: Found a task with targets all 0s or all 1s
Warning: Found a task with targets all 0s or all 1s
Warning: Found a task with targets all 0s or all 1s
Model 0 best validation auc = -inf on epoch 0
Model 0 test auc = 0.466112
Ensemble test auc = 0.466112
1-fold cross validation
	Seed 42 ==> test auc = 0.466112
Overall test auc = 0.466112 +/- 0.000000
Elapsed time = 0:00:23
